<?xml version="1.0" encoding="UTF-8"?>
<!-- Generated by org.testng.reporters.JUnitReportReporter -->
<testsuite hostname="ANIL" failures="0" tests="1" name="com.alltestcases.PracticseFormTest" time="17.522" errors="0" timestamp="2024-02-11T17:15:08 IST" skipped="0">
  <testcase classname="com.alltestcases.PracticseFormTest" name="sendForm" time="17.522"/>
  <system-out/>
</testsuite> <!-- com.alltestcases.PracticseFormTest -->
