<?xml version="1.0" encoding="UTF-8"?>
<!-- Generated by org.testng.reporters.JUnitReportReporter -->
<testsuite hostname="ANIL" failures="0" tests="1" name="com.alltestcases.FlipkartLoginElementTest" time="21.110" errors="0" timestamp="2024-02-10T19:09:54 IST" skipped="0">
  <testcase classname="com.alltestcases.FlipkartLoginElementTest" name="flipkartLoginElement" time="21.110"/>
  <system-out/>
</testsuite> <!-- com.alltestcases.FlipkartLoginElementTest -->
