<?xml version="1.0" encoding="UTF-8"?>
<!-- Generated by org.testng.reporters.JUnitReportReporter -->
<testsuite hostname="ANIL" failures="0" tests="1" name="com.alltestcases.BookStoreTest" time="16.995" errors="0" timestamp="2024-02-11T16:29:55 IST" skipped="0">
  <testcase classname="com.alltestcases.BookStoreTest" name="bookStoreTest" time="16.995"/>
  <system-out/>
</testsuite> <!-- com.alltestcases.BookStoreTest -->
