<?xml version="1.0" encoding="UTF-8"?>
<!-- Generated by org.testng.reporters.JUnitReportReporter -->
<testsuite hostname="ANIL" failures="0" tests="1" name="com.alltestcases.GmailSignupTest" time="15.817" errors="0" timestamp="2024-02-11T17:34:57 IST" skipped="0">
  <testcase classname="com.alltestcases.GmailSignupTest" name="checkErrorMessage" time="15.817"/>
  <system-out/>
</testsuite> <!-- com.alltestcases.GmailSignupTest -->
