<?xml version="1.0" encoding="UTF-8"?>
<!-- Generated by org.testng.reporters.JUnitReportReporter -->
<testsuite hostname="ANIL" failures="0" tests="1" name="com.alltestcases.Sample" time="9.048" errors="0" timestamp="2024-02-10T17:14:20 IST" skipped="0">
  <testcase classname="com.alltestcases.Sample" name="openurl" time="9.048"/>
  <system-out/>
</testsuite> <!-- com.alltestcases.Sample -->
