<?xml version="1.0" encoding="UTF-8"?>
<!-- Generated by org.testng.reporters.JUnitReportReporter -->
<testsuite hostname="ANIL" failures="0" tests="1" name="com.alltestcases.FlipkartLoginTest" time="12.403" errors="0" timestamp="2024-02-10T18:55:00 IST" skipped="0">
  <testcase classname="com.alltestcases.FlipkartLoginTest" name="checkhomePage" time="12.403"/>
  <system-out/>
</testsuite> <!-- com.alltestcases.FlipkartLoginTest -->
