<?xml version="1.0" encoding="UTF-8"?>
<!-- Generated by org.testng.reporters.JUnitReportReporter -->
<testsuite hostname="ANIL" failures="0" tests="1" name="com.alltestcases.LoginTest" time="12.858" errors="0" timestamp="2024-02-11T15:43:26 IST" skipped="0">
  <testcase classname="com.alltestcases.LoginTest" name="logincase" time="12.858"/>
  <system-out/>
</testsuite> <!-- com.alltestcases.LoginTest -->
